===== Config file =====
[virtual_sdcard]
path = ~/printer_data/gcodes
on_error_gcode = 
	CANCEL_PRINT

[pause_resume]

[display_status]

[gcode_macro CANCEL_PRINT]
description = Cancel the actual running print
rename_existing = CANCEL_PRINT_BASE
variable_park = True
gcode = 
	
	{% if printer.pause_resume.is_paused|lower == 'false' and park|lower == 'true'%}
	PAUSE
	{% endif %}
	TURN_OFF_HEATERS
	M106 S0
	CANCEL_PRINT_BASE

[gcode_macro PAUSE]
description = Pause the actual running print
rename_existing = PAUSE_BASE
gcode = 
	{% if printer.virtual_sdcard.is_active == True %}
	{% if printer.pause_resume.is_paused == False %}
	PAUSE_BASE
	_TOOLHEAD_PARK_PAUSE_CANCEL
	{% endif %}
	{% endif %}

[gcode_macro RESUME]
description = Resume the actual running print
rename_existing = RESUME_BASE
gcode = 
	{% if printer.pause_resume.is_paused %}
	
	{% set extrude = printer['gcode_macro _TOOLHEAD_PARK_PAUSE_CANCEL'].extrude_extrude %}
	
	{% if 'VELOCITY' in params|upper %}
	{% set get_params = ('VELOCITY=' + params.VELOCITY)  %}
	{%else %}
	{% set get_params = "" %}
	{% endif %}
	
	{% if printer.extruder.can_extrude|lower == 'true' %}
	M83
	G1 E{extrude} F2100
	{% if printer.gcode_move.absolute_extrude |lower == 'true' %} M82 {% endif %}
	{% else %}
	{action_respond_info("Extruder not hot enough")}
	{% endif %}
	RESUME_BASE {get_params}
	{% endif %}

[gcode_macro _TOOLHEAD_PARK_PAUSE_CANCEL]
description = Helper: park toolhead used in PAUSE and CANCEL_PRINT
variable_retract_extrude = 10.0
variable_extrude_extrude = 11.0
gcode = 
	
	
	{% set x_park = printer.toolhead.axis_minimum.x|float + 5.0 %}
	{% set y_park = printer.toolhead.axis_maximum.y|float - 5.0 %}
	{% set z_park_delta = 2.0 %}
	
	{% set max_z = printer.toolhead.axis_maximum.z|float %}
	{% set act_z = printer.toolhead.position.z|float %}
	{% if act_z < (max_z - z_park_delta) %}
	{% set z_safe = z_park_delta %}
	{% else %}
	{% set z_safe = max_z - act_z %}
	{% endif %}
	
	{% if printer.extruder.can_extrude|lower == 'true' %}
	M83
	G1 E-{retract_extrude} F2100
	{% if printer.gcode_move.absolute_extrude |lower == 'true' %} M82 {% endif %}
	{% else %}
	{action_respond_info("Extruder not hot enough")}
	{% endif %}
	{% if "xyz" in printer.toolhead.homed_axes %}
	G91
	G1 Z{z_safe} F900
	G90
	G1 X{x_park} Y{y_park} F6000
	{% if printer.gcode_move.absolute_coordinates|lower == 'false' %} G91 {% endif %}
	{% else %}
	{action_respond_info("Printer not homed")}
	{% endif %}

[gcode_macro PRINT_START]
gcode = 
	G28
	G90
	G1 Z20 F3000

[gcode_macro PRINT_END]
gcode = 
	M400
	G92 E0
	G1 E-4.0 F3600
	G91
	
	
	{% set max_x = printer.configfile.config["stepper_x"]["position_max"]|float %}
	{% set max_y = printer.configfile.config["stepper_y"]["position_max"]|float %}
	{% set max_z = printer.configfile.config["stepper_z"]["position_max"]|float %}
	
	
	{% if printer.toolhead.position.x < (max_x - 20) %}
	{% set x_safe = 20.0 %}
	{% else %}
	{% set x_safe = -20.0 %}
	{% endif %}
	
	{% if printer.toolhead.position.y < (max_y - 20) %}
	{% set y_safe = 20.0 %}
	{% else %}
	{% set y_safe = -20.0 %}
	{% endif %}
	
	{% if printer.toolhead.position.z < (max_z - 2) %}
	{% set z_safe = 2.0 %}
	{% else %}
	{% set z_safe = max_z - printer.toolhead.position.z %}
	{% endif %}
	
	G0 Z{z_safe} F3600
	G0 X{x_safe} Y{y_safe} F20000
	TURN_OFF_HEATERS
	M107
	G90
	G0 X60 Y{max_y} F3600

[gcode_macro LOAD_FILAMENT]
gcode = 
	M83
	G1 E30 F300
	G1 E15 F150
	M82

[gcode_macro UNLOAD_FILAMENT]
gcode = 
	M83
	G1 E10 F300
	G1 E-40 F1800
	M82

[gcode_macro M600]
gcode = 
	{% set X = params.X|default(printer.configfile.config["stepper_x"]["position_endstop"]|string)|int %}
	{% set Y = params.Y|default(printer.configfile.config["stepper_y"]["position_endstop"]|string)|int %}
	{% set Z = params.Z|default(10)|int %}
	{% set E = params.E|default(-20)|int %}
	{% set tool = params.tool|default(0)|int %}
	
	SAVE_GCODE_STATE NAME=M600_state
	PAUSE
	G91
	G1 E-5 F4000
	G1 Z{Z}
	G90
	G1 X{X} Y{Y} F3000
	G0 E10 F500
	G0 E{E} F600
	G92 E0
	SET_FILAMENT_SENSOR SENSOR=e{TOOL}_runout ENABLE=0

[gcode_macro SWAP_RESUME]
gcode = 
	RESTORE_GCODE_STATE NAME=M600_state
	SET_FILAMENT_SENSOR SENSOR=e0_runout ENABLE=1
	SET_FILAMENT_SENSOR SENSOR=e1_runout ENABLE=1
	resume

[mcu display]
serial = /dev/serial/by-id/usb-Klipper_stm32f042x6_06800D000C43565335383320-if00
restart_method = command

[display]
lcd_type = sh1106
i2c_mcu = display
i2c_bus = i2c1a
encoder_pins = ^display:PA3, ^display:PA4
click_pin = ^!display:PA1
kill_pin = ^!display:PA5
x_offset = 2
vcomh = 31

[neopixel displayStatus]
pin = display:PA0
chain_count = 1
color_order = GRB
initial_red = 0.2
initial_green = 0.05
initial_blue = 0

[menu __main __bed_leveling]
type = list
enable = {not printer.idle_timeout.state == "Printing"}
name = Level Bed

[menu __main __bed_leveling __preheat]
type = command
name = Preheat all
gcode = 
	M140 S60
	M104 S200

[menu __main __bed_leveling __home]
type = command
name = Home All
gcode = G28

[menu __main __bed_leveling __start]
type = command
name = Start
gcode = 
	G28
	BED_SCREWS_ADJUST

[menu __main __bed_leveling __accept]
type = command
name = Accept
gcode = accept

[menu __main __bed_leveling __adjust]
type = command
name = Adjusted
gcode = adjusted

[menu __main __prepare __bed_leveling __abort_screws]
type = command
name = Abort
gcode = abort

[mcu]
serial = /dev/serial/by-id/usb-Klipper_stm32g0b1xx_460033001950425937353020-if00

[printer]
kinematics = corexy
max_velocity = 200
max_accel = 6500
max_z_velocity = 15
max_z_accel = 45
square_corner_velocity = 6.0

[input_shaper]
shaper_type_x = mzv
shaper_freq_x = 65.2
shaper_type_y = ei
shaper_freq_y = 60.2

[stepper_x]
step_pin = PB13
dir_pin = PB12
enable_pin = !PB14
rotation_distance = 40
microsteps = 32
full_steps_per_rotation = 200
endstop_pin = ^PC0
position_endstop = 120
position_max = 120
homing_speed = 100
homing_retract_dist = 5
homing_positive_dir = true

[tmc2209 stepper_x]
uart_pin = PC11
tx_pin = PC10
uart_address = 0
interpolate = False
run_current = 0.5
sense_resistor = 0.110
stealthchop_threshold = 0

[stepper_y]
step_pin = PB10
dir_pin = PB2
enable_pin = !PB11
rotation_distance = 40.4
microsteps = 32
full_steps_per_rotation = 200
endstop_pin = ^PC1
position_endstop = 120
position_max = 120
homing_speed = 100
homing_retract_dist = 5
homing_positive_dir = true

[tmc2209 stepper_y]
uart_pin = PC11
tx_pin = PC10
uart_address = 2
interpolate = False
run_current = 0.5
sense_resistor = 0.110
stealthchop_threshold = 0

[stepper_z]
step_pin = PB0
dir_pin = !PC5
enable_pin = !PB1
rotation_distance = 8
microsteps = 32
endstop_pin = ^PC2
position_endstop = -0.570
position_max = 120
position_min = -1.5
homing_speed = 10
second_homing_speed = 3.0
homing_retract_dist = 3.0

[tmc2209 stepper_z]
uart_pin = PC11
tx_pin = PC10
uart_address = 1
interpolate = False
run_current = 0.45
sense_resistor = 0.110
stealthchop_threshold = 0

[extruder]
step_pin = PB3
dir_pin = PB4
enable_pin = !PD1
rotation_distance = 21.56
gear_ratio = 50:10
microsteps = 32
nozzle_diameter = 0.400
filament_diameter = 1.750
heater_pin = PC8
sensor_type = Generic 3950
sensor_pin = PA0
control = pid
pid_kp = 32.619
pid_ki = 2.219
pid_kd = 119.875
min_temp = 0
max_temp = 270
min_extrude_temp = 170
max_extrude_only_distance = 150
max_extrude_cross_section = 0.8
pressure_advance = 0.028
pressure_advance_smooth_time = 0.020

[tmc2209 extruder]
uart_pin = PC11
tx_pin = PC10
uart_address = 3
interpolate = False
run_current = 0.6
sense_resistor = 0.110
stealthchop_threshold = 0

[heater_bed]
heater_pin = PC9
sensor_type = Generic 3950
sensor_pin = PC4
smooth_time = 3.0
min_temp = 0
max_temp = 120
control = pid
pid_kp = 61.152
pid_ki = 2.812
pid_kd = 332.515

[heater_fan hotend_fan]
pin = PC7
max_power = 1.0
kick_start_time = 0.5
heater = extruder
heater_temp = 50.0

[fan]
pin = PC6
max_power = 1.0
kick_start_time = 0.5
off_below = 0.13
cycle_time = 0.010

[idle_timeout]
timeout = 1800

[safe_z_home]
home_xy_position = 120,120
speed = 50.0
z_hop = 5

[bed_screws]
screw1 = 60,5
screw1_name = front screw
screw2 = 5,115
screw2_name = back left
screw3 = 115,115
screw3_name = back right

[temperature_sensor Chamber_Temp]
sensor_type = Generic 3950
sensor_pin = PA7
pullup_resistor = 10000
=======================
Args: ['/home/biqu/klipper/klippy/klippy.py', '/home/biqu/printer_data/config/printer.cfg', '-I', '/home/biqu/printer_data/comms/klippy.serial', '-l', '/home/biqu/printer_data/logs/klippy.log', '-a', '/home/biqu/printer_data/comms/klippy.sock']
Git version: 'v0.11.0-99-g56444815'
CPU: 4 core ?
Python: '3.9.2 (default, Feb 28 2021, 17:03:44) \n[GCC 10.2.1 20210110]'
webhooks client 281473164084896: {'program': 'Moonraker', 'version': 'v0.7.1-867-g5325693'}
=============== Log rollover at Thu Feb 16 13:10:30 2023 ===============
Loaded MCU 'mcu' 105 commands (v0.11.0-89-gead81fbf / gcc: (15:8-2019-q3-1+b1) 8.3.1 20190703 (release) [gcc-8-branch revision 273027] binutils: (2.35.2-2+14+b2) 2.35.2)
MCU 'mcu' config: ADC_MAX=4095 BUS_PINS_i2c1_PA9_PA10=PA9,PA10 BUS_PINS_i2c1_PB6_PB7=PB6,PB7 BUS_PINS_i2c1_PB8_PB9=PB8,PB9 BUS_PINS_i2c2_PB10_PB11=PB10,PB11 BUS_PINS_i2c2_PB13_PB14=PB13,PB14 BUS_PINS_i2c3_PB3_PB4=PB3,PB4 BUS_PINS_spi1=PA6,PA7,PA5 BUS_PINS_spi1a=PB4,PB5,PB3 BUS_PINS_spi2=PB14,PB15,PB13 BUS_PINS_spi2a=PC2,PC3,PB10 BUS_PINS_spi3=PB4,PB5,PB3 CLOCK_FREQ=64000000 MCU=stm32g0b1xx PWM_MAX=255 RESERVE_PINS_USB=PA11,PA12 RESERVE_PINS_crystal=PF0,PF1 STATS_SUMSQ_BASE=256 STEPPER_BOTH_EDGE=1
mcu 'display': Starting serial connect
Loaded MCU 'display' 102 commands (v0.11.0-89-gead81fbf / gcc: (15:8-2019-q3-1+b1) 8.3.1 20190703 (release) [gcc-8-branch revision 273027] binutils: (2.35.2-2+14+b2) 2.35.2)
MCU 'display' config: ADC_MAX=4095 BUS_PINS_i2c1=PB6,PB7 BUS_PINS_i2c1_PB6_PB7=PB6,PB7 BUS_PINS_i2c1_PB8_PB9=PB8,PB9 BUS_PINS_i2c1_PF1_PF0=PF1,PF0 BUS_PINS_i2c1a=PF1,PF0 BUS_PINS_spi1=PA6,PA7,PA5 BUS_PINS_spi1a=PB4,PB5,PB3 BUS_PINS_spi2=PB14,PB15,PB13 BUS_PINS_spi2a=PC2,PC3,PB10 CLOCK_FREQ=48000000 MCU=stm32f042x6 RESERVE_PINS_USB=PA11,PA12 STATS_SUMSQ_BASE=256 STEPPER_BOTH_EDGE=1
Sending MCU 'mcu' printer configuration...
Configured MCU 'mcu' (1024 moves)
Sending MCU 'display' printer configuration...
Configured MCU 'display' (1024 moves)
Starting heater checks for heater_bed
Starting heater checks for extruder
Stats 29.7: gcodein=0  mcu: mcu_awake=0.000 mcu_task_avg=0.000000 mcu_task_stddev=0.000000 bytes_write=2200 bytes_read=5421 bytes_retransmit=9 bytes_invalid=0 send_seq=203 receive_seq=203 retransmit_seq=2 srtt=0.000 rttvar=0.000 rto=0.025 ready_bytes=0 stalled_bytes=0 freq=63999564 display: mcu_awake=0.000 mcu_task_avg=0.000000 mcu_task_stddev=0.000000 bytes_write=2417 bytes_read=3905 bytes_retransmit=9 bytes_invalid=0 send_seq=136 receive_seq=124 retransmit_seq=2 srtt=0.008 rttvar=0.013 rto=0.062 ready_bytes=1235 stalled_bytes=144 freq=48024133 adj=48024365  heater_bed: target=0 temp=0.0 pwm=0.000 Chamber_Temp: temp=0.0 sysload=2.70 cputime=6.100 memavail=695964 print_time=0.010 buffer_time=0.000 print_stall=0 extruder: target=0 temp=0.0 pwm=0.000
webhooks: registering remote method 'shutdown_machine' for connection id: 281473164084896
webhooks: registering remote method 'reboot_machine' for connection id: 281473164084896
webhooks: registering remote method 'pause_job_queue' for connection id: 281473164084896
webhooks: registering remote method 'start_job_queue' for connection id: 281473164084896
Stats 30.7: gcodein=0  mcu: mcu_awake=0.000 mcu_task_avg=0.000000 mcu_task_stddev=0.000000 bytes_write=2206 bytes_read=5482 bytes_retransmit=9 bytes_invalid=0 send_seq=204 receive_seq=204 retransmit_seq=2 srtt=0.000 rttvar=0.000 rto=0.025 ready_bytes=0 stalled_bytes=0 freq=63999478 display: mcu_awake=0.000 mcu_task_avg=0.000000 mcu_task_stddev=0.000000 bytes_write=3949 bytes_read=4121 bytes_retransmit=9 bytes_invalid=0 send_seq=165 receive_seq=165 retransmit_seq=2 srtt=0.015 rttvar=0.021 rto=0.100 ready_bytes=41 stalled_bytes=0 freq=48021682 adj=48024760  heater_bed: target=0 temp=18.9 pwm=0.000 Chamber_Temp: temp=20.3 sysload=3.12 cputime=6.180 memavail=708936 print_time=0.010 buffer_time=0.000 print_stall=0 extruder: target=0 temp=19.1 pwm=0.000
Stats 31.7: gcodein=0  mcu: mcu_awake=0.016 mcu_task_avg=0.000018 mcu_task_stddev=0.000023 bytes_write=2212 bytes_read=5648 bytes_retransmit=9 bytes_invalid=0 send_seq=205 receive_seq=205 retransmit_seq=2 srtt=0.000 rttvar=0.000 rto=0.025 ready_bytes=0 stalled_bytes=0 freq=63999562 display: mcu_awake=0.223 mcu_task_avg=0.000475 mcu_task_stddev=0.000889 bytes_write=4059 bytes_read=4165 bytes_retransmit=9 bytes_invalid=0 send_seq=169 receive_seq=169 retransmit_seq=2 srtt=0.010 rttvar=0.014 rto=0.065 ready_bytes=0 stalled_bytes=0 freq=48020590 adj=48021172  heater_bed: target=0 temp=19.0 pwm=0.000 Chamber_Temp: temp=20.5 sysload=3.12 cputime=6.215 memavail=705604 print_time=0.010 buffer_time=0.000 print_stall=0 extruder: target=0 temp=19.2 pwm=0.000
Stats 32.7: gcodein=0  mcu: mcu_awake=0.016 mcu_task_avg=0.000018 mcu_task_stddev=0.000023 bytes_write=2218 bytes_read=5799 bytes_retransmit=9 bytes_invalid=0 send_seq=206 receive_seq=206 retransmit_seq=2 srtt=0.000 rttvar=0.000 rto=0.025 ready_bytes=0 stalled_bytes=0 freq=63999476 display: mcu_awake=0.223 mcu_task_avg=0.000475 mcu_task_stddev=0.000889 bytes_write=4065 bytes_read=4181 bytes_retransmit=9 bytes_invalid=0 send_seq=170 receive_seq=170 retransmit_seq=2 srtt=0.009 rttvar=0.013 rto=0.060 ready_bytes=0 stalled_bytes=0 freq=48020311 adj=48019396  heater_bed: target=0 temp=19.7 pwm=0.000 Chamber_Temp: temp=19.5 sysload=3.12 cputime=6.253 memavail=703160 print_time=0.010 buffer_time=0.000 print_stall=0 extruder: target=0 temp=19.3 pwm=0.000
Stats 33.7: gcodein=0  mcu: mcu_awake=0.016 mcu_task_avg=0.000018 mcu_task_stddev=0.000023 bytes_write=2224 bytes_read=5980 bytes_retransmit=9 bytes_invalid=0 send_seq=207 receive_seq=207 retransmit_seq=2 srtt=0.000 rttvar=0.000 rto=0.025 ready_bytes=0 stalled_bytes=0 freq=63999519 display: mcu_awake=0.223 mcu_task_avg=0.000475 mcu_task_stddev=0.000889 bytes_write=4071 bytes_read=4197 bytes_retransmit=9 bytes_invalid=0 send_seq=171 receive_seq=171 retransmit_seq=2 srtt=0.008 rttvar=0.012 rto=0.054 ready_bytes=0 stalled_bytes=0 freq=48020100 adj=48019370  heater_bed: target=0 temp=18.9 pwm=0.000 Chamber_Temp: temp=21.3 sysload=3.12 cputime=6.294 memavail=715636 print_time=0.010 buffer_time=0.000 print_stall=0 extruder: target=0 temp=19.1 pwm=0.000
Stats 34.7: gcodein=0  mcu: mcu_awake=0.016 mcu_task_avg=0.000018 mcu_task_stddev=0.000023 bytes_write=2230 bytes_read=6146 bytes_retransmit=9 bytes_invalid=0 send_seq=208 receive_seq=208 retransmit_seq=2 srtt=0.000 rttvar=0.000 rto=0.025 ready_bytes=0 stalled_bytes=0 freq=63999437 display: mcu_awake=0.223 mcu_task_avg=0.000475 mcu_task_stddev=0.000889 bytes_write=4077 bytes_read=4213 bytes_retransmit=9 bytes_invalid=0 send_seq=172 receive_seq=172 retransmit_seq=2 srtt=0.007 rttvar=0.010 rto=0.049 ready_bytes=0 stalled_bytes=0 freq=48019731 adj=48019161  heater_bed: target=0 temp=19.3 pwm=0.000 Chamber_Temp: temp=21.5 sysload=3.12 cputime=6.335 memavail=712060 print_time=0.010 buffer_time=0.000 print_stall=0 extruder: target=0 temp=19.2 pwm=0.000
Stats 35.7: gcodein=0  mcu: mcu_awake=0.016 mcu_task_avg=0.000018 mcu_task_stddev=0.000023 bytes_write=2236 bytes_read=6297 bytes_retransmit=9 bytes_invalid=0 send_seq=209 receive_seq=209 retransmit_seq=2 srtt=0.001 rttvar=0.000 rto=0.025 ready_bytes=0 stalled_bytes=0 freq=63999331 display: mcu_awake=0.223 mcu_task_avg=0.000475 mcu_task_stddev=0.000889 bytes_write=4083 bytes_read=4229 bytes_retransmit=9 bytes_invalid=0 send_seq=173 receive_seq=173 retransmit_seq=2 srtt=0.006 rttvar=0.009 rto=0.044 ready_bytes=0 stalled_bytes=0 freq=48019567 adj=48018750  heater_bed: target=0 temp=18.9 pwm=0.000 Chamber_Temp: temp=20.6 sysload=3.59 cputime=6.374 memavail=708088 print_time=0.010 buffer_time=0.000 print_stall=0 extruder: target=0 temp=19.5 pwm=0.000
Stats 36.7: gcodein=0  mcu: mcu_awake=0.003 mcu_task_avg=0.000014 mcu_task_stddev=0.000011 bytes_write=2242 bytes_read=6492 bytes_retransmit=9 bytes_invalid=0 send_seq=210 receive_seq=210 retransmit_seq=2 srtt=0.000 rttvar=0.000 rto=0.025 ready_bytes=0 stalled_bytes=0 freq=63999266 display: mcu_awake=0.001 mcu_task_avg=0.000012 mcu_task_stddev=0.000008 bytes_write=4089 bytes_read=4258 bytes_retransmit=9 bytes_invalid=0 send_seq=174 receive_seq=174 retransmit_seq=2 srtt=0.005 rttvar=0.008 rto=0.039 ready_bytes=0 stalled_bytes=0 freq=48019236 adj=48018890  heater_bed: target=0 temp=18.8 pwm=0.000 Chamber_Temp: temp=20.3 sysload=3.59 cputime=6.414 memavail=707716 print_time=0.010 buffer_time=0.000 print_stall=0 extruder: target=0 temp=19.0 pwm=0.000
Stats 37.7: gcodein=0  mcu: mcu_awake=0.003 mcu_task_avg=0.000014 mcu_task_stddev=0.000011 bytes_write=2248 bytes_read=6658 bytes_retransmit=9 bytes_invalid=0 send_seq=211 receive_seq=211 retransmit_seq=2 srtt=0.000 rttvar=0.000 rto=0.025 ready_bytes=0 stalled_bytes=0 freq=63999246 display: mcu_awake=0.001 mcu_task_avg=0.000012 mcu_task_stddev=0.000008 bytes_write=4095 bytes_read=4274 bytes_retransmit=9 bytes_invalid=0 send_seq=175 receive_seq=175 retransmit_seq=2 srtt=0.005 rttvar=0.008 rto=0.035 ready_bytes=0 stalled_bytes=0 freq=48019005 adj=48018374  heater_bed: target=0 temp=18.7 pwm=0.000 Chamber_Temp: temp=20.4 sysload=3.59 cputime=6.452 memavail=706588 print_time=0.010 buffer_time=0.000 print_stall=0 extruder: target=0 temp=19.2 pwm=0.000
Stats 38.7: gcodein=0  mcu: mcu_awake=0.003 mcu_task_avg=0.000014 mcu_task_stddev=0.000011 bytes_write=2254 bytes_read=6809 bytes_retransmit=9 bytes_invalid=0 send_seq=212 receive_seq=212 retransmit_seq=2 srtt=0.000 rttvar=0.000 rto=0.025 ready_bytes=0 stalled_bytes=0 freq=63999236 display: mcu_awake=0.001 mcu_task_avg=0.000012 mcu_task_stddev=0.000008 bytes_write=4101 bytes_read=4290 bytes_retransmit=9 bytes_invalid=0 send_seq=176 receive_seq=176 retransmit_seq=2 srtt=0.004 rttvar=0.007 rto=0.031 ready_bytes=0 stalled_bytes=0 freq=48018797 adj=48017901  heater_bed: target=0 temp=18.8 pwm=0.000 Chamber_Temp: temp=20.6 sysload=3.59 cputime=6.491 memavail=700104 print_time=0.010 buffer_time=0.000 print_stall=0 extruder: target=0 temp=18.9 pwm=0.000
Stats 39.7: gcodein=0  mcu: mcu_awake=0.003 mcu_task_avg=0.000014 mcu_task_stddev=0.000011 bytes_write=2260 bytes_read=7005 bytes_retransmit=9 bytes_invalid=0 send_seq=213 receive_seq=213 retransmit_seq=2 srtt=0.000 rttvar=0.000 rto=0.025 ready_bytes=0 stalled_bytes=0 freq=63999208 display: mcu_awake=0.001 mcu_task_avg=0.000012 mcu_task_stddev=0.000008 bytes_write=4107 bytes_read=4306 bytes_retransmit=9 bytes_invalid=0 send_seq=177 receive_seq=177 retransmit_seq=2 srtt=0.004 rttvar=0.006 rto=0.028 ready_bytes=0 stalled_bytes=0 freq=48018666 adj=48017650  heater_bed: target=0 temp=18.8 pwm=0.000 Chamber_Temp: temp=20.3 sysload=3.59 cputime=6.532 memavail=701152 print_time=0.010 buffer_time=0.000 print_stall=0 extruder: target=0 temp=19.3 pwm=0.000
Stats 40.7: gcodein=0  mcu: mcu_awake=0.003 mcu_task_avg=0.000014 mcu_task_stddev=0.000011 bytes_write=2266 bytes_read=7156 bytes_retransmit=9 bytes_invalid=0 send_seq=214 receive_seq=214 retransmit_seq=2 srtt=0.000 rttvar=0.000 rto=0.025 ready_bytes=0 stalled_bytes=0 freq=63999196 display: mcu_awake=0.001 mcu_task_avg=0.000012 mcu_task_stddev=0.000008 bytes_write=4113 bytes_read=4322 bytes_retransmit=9 bytes_invalid=0 send_seq=178 receive_seq=178 retransmit_seq=2 srtt=0.003 rttvar=0.005 rto=0.025 ready_bytes=0 stalled_bytes=0 freq=48018586 adj=48017688  heater_bed: target=0 temp=19.1 pwm=0.000 Chamber_Temp: temp=20.7 sysload=3.46 cputime=6.568 memavail=698284 print_time=0.010 buffer_time=0.000 print_stall=0 extruder: target=0 temp=19.2 pwm=0.000
Stats 41.7: gcodein=0  mcu: mcu_awake=0.003 mcu_task_avg=0.000014 mcu_task_stddev=0.000011 bytes_write=2272 bytes_read=7321 bytes_retransmit=9 bytes_invalid=0 send_seq=215 receive_seq=215 retransmit_seq=2 srtt=0.000 rttvar=0.000 rto=0.025 ready_bytes=0 stalled_bytes=0 freq=63999177 display: mcu_awake=0.001 mcu_task_avg=0.000012 mcu_task_stddev=0.000008 bytes_write=4119 bytes_read=4351 bytes_retransmit=9 bytes_invalid=0 send_seq=179 receive_seq=179 retransmit_seq=2 srtt=0.003 rttvar=0.005 rto=0.025 ready_bytes=0 stalled_bytes=0 freq=48018559 adj=48017815  heater_bed: target=0 temp=18.7 pwm=0.000 Chamber_Temp: temp=20.3 sysload=3.46 cputime=6.621 memavail=691896 print_time=0.010 buffer_time=0.000 print_stall=0 extruder: target=0 temp=18.9 pwm=0.000
Stats 42.7: gcodein=0  mcu: mcu_awake=0.003 mcu_task_avg=0.000014 mcu_task_stddev=0.000011 bytes_write=2278 bytes_read=7517 bytes_retransmit=9 bytes_invalid=0 send_seq=216 receive_seq=216 retransmit_seq=2 srtt=0.000 rttvar=0.000 rto=0.025 ready_bytes=0 stalled_bytes=0 freq=63999162 display: mcu_awake=0.001 mcu_task_avg=0.000012 mcu_task_stddev=0.000008 bytes_write=4125 bytes_read=4367 bytes_retransmit=9 bytes_invalid=0 send_seq=180 receive_seq=180 retransmit_seq=2 srtt=0.003 rttvar=0.004 rto=0.025 ready_bytes=0 stalled_bytes=0 freq=48018541 adj=48018107  heater_bed: target=0 temp=18.7 pwm=0.000 Chamber_Temp: temp=20.7 sysload=3.46 cputime=6.683 memavail=690024 print_time=0.010 buffer_time=0.000 print_stall=0 extruder: target=0 temp=19.4 pwm=0.000
Stats 43.7: gcodein=0  mcu: mcu_awake=0.003 mcu_task_avg=0.000014 mcu_task_stddev=0.000011 bytes_write=2284 bytes_read=7668 bytes_retransmit=9 bytes_invalid=0 send_seq=217 receive_seq=217 retransmit_seq=2 srtt=0.000 rttvar=0.000 rto=0.025 ready_bytes=0 stalled_bytes=0 freq=63999149 display: mcu_awake=0.001 mcu_task_avg=0.000012 mcu_task_stddev=0.000008 bytes_write=4131 bytes_read=4383 bytes_retransmit=9 bytes_invalid=0 send_seq=181 receive_seq=181 retransmit_seq=2 srtt=0.002 rttvar=0.004 rto=0.025 ready_bytes=0 stalled_bytes=0 freq=48018530 adj=48018366  heater_bed: target=0 temp=18.8 pwm=0.000 Chamber_Temp: temp=21.4 sysload=3.46 cputime=6.739 memavail=687052 print_time=0.010 buffer_time=0.000 print_stall=0 extruder: target=0 temp=19.1 pwm=0.000
Stats 44.7: gcodein=0  mcu: mcu_awake=0.003 mcu_task_avg=0.000014 mcu_task_stddev=0.000011 bytes_write=2290 bytes_read=7819 bytes_retransmit=9 bytes_invalid=0 send_seq=218 receive_seq=218 retransmit_seq=2 srtt=0.000 rttvar=0.000 rto=0.025 ready_bytes=0 stalled_bytes=0 freq=63999146 display: mcu_awake=0.001 mcu_task_avg=0.000012 mcu_task_stddev=0.000008 bytes_write=4137 bytes_read=4399 bytes_retransmit=9 bytes_invalid=0 send_seq=182 receive_seq=182 retransmit_seq=2 srtt=0.002 rttvar=0.003 rto=0.025 ready_bytes=0 stalled_bytes=0 freq=48018512 adj=48018557  heater_bed: target=0 temp=18.7 pwm=0.000 Chamber_Temp: temp=21.3 sysload=3.46 cputime=6.777 memavail=688868 print_time=0.010 buffer_time=0.000 print_stall=0 extruder: target=0 temp=19.2 pwm=0.000
Stats 45.7: gcodein=0  mcu: mcu_awake=0.003 mcu_task_avg=0.000014 mcu_task_stddev=0.000011 bytes_write=2296 bytes_read=8015 bytes_retransmit=9 bytes_invalid=0 send_seq=219 receive_seq=219 retransmit_seq=2 srtt=0.000 rttvar=0.000 rto=0.025 ready_bytes=0 stalled_bytes=0 freq=63999138 display: mcu_awake=0.001 mcu_task_avg=0.000012 mcu_task_stddev=0.000008 bytes_write=4143 bytes_read=4415 bytes_retransmit=9 bytes_invalid=0 send_seq=183 receive_seq=183 retransmit_seq=2 srtt=0.002 rttvar=0.003 rto=0.025 ready_bytes=0 stalled_bytes=0 freq=48018491 adj=48018664  heater_bed: target=0 temp=18.8 pwm=0.000 Chamber_Temp: temp=21.5 sysload=3.35 cputime=6.821 memavail=686080 print_time=0.010 buffer_time=0.000 print_stall=0 extruder: target=0 temp=18.8 pwm=0.000
Stats 46.7: gcodein=0  mcu: mcu_awake=0.003 mcu_task_avg=0.000014 mcu_task_stddev=0.000011 bytes_write=2302 bytes_read=8166 bytes_retransmit=9 bytes_invalid=0 send_seq=220 receive_seq=220 retransmit_seq=2 srtt=0.000 rttvar=0.000 rto=0.025 ready_bytes=0 stalled_bytes=0 freq=63999146 display: mcu_awake=0.001 mcu_task_avg=0.000012 mcu_task_stddev=0.000008 bytes_write=4149 bytes_read=4444 bytes_retransmit=9 bytes_invalid=0 send_seq=184 receive_seq=184 retransmit_seq=2 srtt=0.002 rttvar=0.002 rto=0.025 ready_bytes=0 stalled_bytes=0 freq=48018471 adj=48018668  heater_bed: target=0 temp=18.9 pwm=0.000 Chamber_Temp: temp=21.4 sysload=3.35 cputime=6.865 memavail=690440 print_time=0.010 buffer_time=0.000 print_stall=0 extruder: target=0 temp=19.2 pwm=0.000
Stats 47.8: gcodein=0  mcu: mcu_awake=0.003 mcu_task_avg=0.000014 mcu_task_stddev=0.000011 bytes_write=2308 bytes_read=8331 bytes_retransmit=9 bytes_invalid=0 send_seq=221 receive_seq=221 retransmit_seq=2 srtt=0.000 rttvar=0.000 rto=0.025 ready_bytes=0 stalled_bytes=0 freq=63999146 display: mcu_awake=0.001 mcu_task_avg=0.000012 mcu_task_stddev=0.000008 bytes_write=4155 bytes_read=4460 bytes_retransmit=9 bytes_invalid=0 send_seq=185 receive_seq=185 retransmit_seq=2 srtt=0.002 rttvar=0.002 rto=0.025 ready_bytes=0 stalled_bytes=0 freq=48018435 adj=48018651  heater_bed: target=0 temp=18.8 pwm=0.000 Chamber_Temp: temp=21.4 sysload=3.35 cputime=6.909 memavail=678840 print_time=0.010 buffer_time=0.000 print_stall=0 extruder: target=0 temp=19.4 pwm=0.000
Stats 48.8: gcodein=0  mcu: mcu_awake=0.003 mcu_task_avg=0.000014 mcu_task_stddev=0.000011 bytes_write=2314 bytes_read=8527 bytes_retransmit=9 bytes_invalid=0 send_seq=222 receive_seq=222 retransmit_seq=2 srtt=0.000 rttvar=0.000 rto=0.025 ready_bytes=0 stalled_bytes=0 freq=63999149 display: mcu_awake=0.001 mcu_task_avg=0.000012 mcu_task_stddev=0.000008 bytes_write=4161 bytes_read=4476 bytes_retransmit=9 bytes_invalid=0 send_seq=186 receive_seq=186 retransmit_seq=2 srtt=0.001 rttvar=0.002 rto=0.025 ready_bytes=0 stalled_bytes=0 freq=48018370 adj=48018580  heater_bed: target=0 temp=19.0 pwm=0.000 Chamber_Temp: temp=21.5 sysload=3.35 cputime=6.953 memavail=683972 print_time=0.010 buffer_time=0.000 print_stall=0 extruder: target=0 temp=19.1 pwm=0.000
Stats 49.8: gcodein=0  mcu: mcu_awake=0.003 mcu_task_avg=0.000014 mcu_task_stddev=0.000011 bytes_write=2320 bytes_read=8678 bytes_retransmit=9 bytes_invalid=0 send_seq=223 receive_seq=223 retransmit_seq=2 srtt=0.000 rttvar=0.000 rto=0.025 ready_bytes=0 stalled_bytes=0 freq=63999153 display: mcu_awake=0.001 mcu_task_avg=0.000012 mcu_task_stddev=0.000008 bytes_write=4167 bytes_read=4492 bytes_retransmit=9 bytes_invalid=0 send_seq=187 receive_seq=187 retransmit_seq=2 srtt=0.001 rttvar=0.002 rto=0.025 ready_bytes=0 stalled_bytes=0 freq=48018286 adj=48018332  heater_bed: target=0 temp=18.5 pwm=0.000 Chamber_Temp: temp=21.5 sysload=3.35 cputime=6.990 memavail=681656 print_time=0.010 buffer_time=0.000 print_stall=0 extruder: target=0 temp=19.4 pwm=0.000
Stats 50.8: gcodein=0  mcu: mcu_awake=0.003 mcu_task_avg=0.000014 mcu_task_stddev=0.000011 bytes_write=2326 bytes_read=8829 bytes_retransmit=9 bytes_invalid=0 send_seq=224 receive_seq=224 retransmit_seq=2 srtt=0.000 rttvar=0.000 rto=0.025 ready_bytes=0 stalled_bytes=0 freq=63999144 display: mcu_awake=0.001 mcu_task_avg=0.000012 mcu_task_stddev=0.000008 bytes_write=4173 bytes_read=4508 bytes_retransmit=9 bytes_invalid=0 send_seq=188 receive_seq=188 retransmit_seq=2 srtt=0.001 rttvar=0.001 rto=0.025 ready_bytes=0 stalled_bytes=0 freq=48018202 adj=48018090  heater_bed: target=0 temp=19.0 pwm=0.000 Chamber_Temp: temp=21.5 sysload=3.24 cputime=7.028 memavail=681404 print_time=0.010 buffer_time=0.000 print_stall=0 extruder: target=0 temp=19.5 pwm=0.000
Stats 51.8: gcodein=0  mcu: mcu_awake=0.003 mcu_task_avg=0.000014 mcu_task_stddev=0.000011 bytes_write=2332 bytes_read=9025 bytes_retransmit=9 bytes_invalid=0 send_seq=225 receive_seq=225 retransmit_seq=2 srtt=0.000 rttvar=0.000 rto=0.025 ready_bytes=0 stalled_bytes=0 freq=63999137 display: mcu_awake=0.001 mcu_task_avg=0.000012 mcu_task_stddev=0.000008 bytes_write=4179 bytes_read=4537 bytes_retransmit=9 bytes_invalid=0 send_seq=189 receive_seq=189 retransmit_seq=2 srtt=0.001 rttvar=0.001 rto=0.025 ready_bytes=0 stalled_bytes=0 freq=48018097 adj=48017848  heater_bed: target=0 temp=18.8 pwm=0.000 Chamber_Temp: temp=21.5 sysload=3.24 cputime=7.067 memavail=679952 print_time=0.010 buffer_time=0.000 print_stall=0 extruder: target=0 temp=19.1 pwm=0.000
Stats 52.8: gcodein=0  mcu: mcu_awake=0.003 mcu_task_avg=0.000014 mcu_task_stddev=0.000011 bytes_write=2338 bytes_read=9190 bytes_retransmit=9 bytes_invalid=0 send_seq=226 receive_seq=226 retransmit_seq=2 srtt=0.000 rttvar=0.000 rto=0.025 ready_bytes=0 stalled_bytes=0 freq=63999137 display: mcu_awake=0.001 mcu_task_avg=0.000012 mcu_task_stddev=0.000008 bytes_write=4185 bytes_read=4553 bytes_retransmit=9 bytes_invalid=0 send_seq=190 receive_seq=190 retransmit_seq=2 srtt=0.001 rttvar=0.001 rto=0.025 ready_bytes=0 stalled_bytes=0 freq=48017990 adj=48017497  heater_bed: target=0 temp=18.9 pwm=0.000 Chamber_Temp: temp=21.5 sysload=3.24 cputime=7.106 memavail=681412 print_time=0.010 buffer_time=0.000 print_stall=0 extruder: target=0 temp=19.3 pwm=0.000
Stats 53.8: gcodein=0  mcu: mcu_awake=0.003 mcu_task_avg=0.000014 mcu_task_stddev=0.000011 bytes_write=2344 bytes_read=9341 bytes_retransmit=9 bytes_invalid=0 send_seq=227 receive_seq=227 retransmit_seq=2 srtt=0.000 rttvar=0.000 rto=0.025 ready_bytes=0 stalled_bytes=0 freq=63999131 display: mcu_awake=0.001 mcu_task_avg=0.000012 mcu_task_stddev=0.000008 bytes_write=4191 bytes_read=4569 bytes_retransmit=9 bytes_invalid=0 send_seq=191 receive_seq=191 retransmit_seq=2 srtt=0.001 rttvar=0.001 rto=0.025 ready_bytes=0 stalled_bytes=0 freq=48017873 adj=48017145  heater_bed: target=0 temp=18.7 pwm=0.000 Chamber_Temp: temp=21.3 sysload=3.24 cputime=7.144 memavail=681500 print_time=0.010 buffer_time=0.000 print_stall=0 extruder: target=0 temp=19.2 pwm=0.000
Stats 54.8: gcodein=0  mcu: mcu_awake=0.003 mcu_task_avg=0.000014 mcu_task_stddev=0.000011 bytes_write=2350 bytes_read=9537 bytes_retransmit=9 bytes_invalid=0 send_seq=228 receive_seq=228 retransmit_seq=2 srtt=0.000 rttvar=0.000 rto=0.025 ready_bytes=0 stalled_bytes=0 freq=63999127 display: mcu_awake=0.001 mcu_task_avg=0.000012 mcu_task_stddev=0.000008 bytes_write=4197 bytes_read=4585 bytes_retransmit=9 bytes_invalid=0 send_seq=192 receive_seq=192 retransmit_seq=2 srtt=0.001 rttvar=0.001 rto=0.025 ready_bytes=0 stalled_bytes=0 freq=48017785 adj=48016797  heater_bed: target=0 temp=19.0 pwm=0.000 Chamber_Temp: temp=21.4 sysload=3.24 cputime=7.182 memavail=681212 print_time=0.010 buffer_time=0.000 print_stall=0 extruder: target=0 temp=19.0 pwm=0.000
Stats 55.8: gcodein=0  mcu: mcu_awake=0.003 mcu_task_avg=0.000014 mcu_task_stddev=0.000011 bytes_write=2356 bytes_read=9688 bytes_retransmit=9 bytes_invalid=0 send_seq=229 receive_seq=229 retransmit_seq=2 srtt=0.000 rttvar=0.000 rto=0.025 ready_bytes=0 stalled_bytes=0 freq=63999124 display: mcu_awake=0.001 mcu_task_avg=0.000012 mcu_task_stddev=0.000008 bytes_write=4203 bytes_read=4601 bytes_retransmit=9 bytes_invalid=0 send_seq=193 receive_seq=193 retransmit_seq=2 srtt=0.001 rttvar=0.001 rto=0.025 ready_bytes=0 stalled_bytes=0 freq=48017721 adj=48016664  heater_bed: target=0 temp=18.6 pwm=0.000 Chamber_Temp: temp=21.4 sysload=3.06 cputime=7.219 memavail=681808 print_time=0.010 buffer_time=0.000 print_stall=0 extruder: target=0 temp=19.0 pwm=0.000
