--------------------Moonraker Log Start--------------------
data_path: /home/biqu/printer_data
is_default_data_path: False
config_file: /home/biqu/printer_data/config/moonraker.conf
startup_warnings: []
verbose: False
debug: False
asyncio_debug: False
is_backup_config: False
log_file: /home/biqu/printer_data/logs/moonraker.log
software_version: v0.7.1-867-g5325693
python_version: 3.9.2 (default, Feb 28 2021, 17:03:44)  [GCC 10.2.1 20210110]

#################### Moonraker Configuration ####################

[server]
host = 0.0.0.0
port = 7125
klippy_uds_address = /home/biqu/printer_data/comms/klippy.sock

[authorization]
trusted_clients = 
	10.0.0.0/8
	127.0.0.0/8
	169.254.0.0/16
	172.16.0.0/12
	192.168.0.0/16
	192.168.1.0/16
	FE80::/10
	::1/128
cors_domains = 
	http://*.lan
	http://*.local
	https://my.mainsail.xyz
	http://my.mainsail.xyz
	https://app.fluidd.xyz
	http://app.fluidd.xyz

[octoprint_compat]

[history]

[update_manager]
channel = dev
refresh_interval = 168

[update_manager mainsail]
type = web
channel = stable
repo = mainsail-crew/mainsail
path = ~/mainsail

#################################################################
All Configuration Files:
/home/biqu/printer_data/config/moonraker.conf
#################################################################
Unsafe Shutdown Count: 5

System Info:

***python***
  version: sys.version_info(major=3, minor=9, micro=2, releaselevel='final', serial=0)
  version_string: 3.9.2 (default, Feb 28 2021, 17:03:44)  [GCC 10.2.1 20210110]

***cpu_info***
  cpu_count: 4
  bits: 64bit
  processor: aarch64
  cpu_desc: 
  serial_number: 
  hardware_desc: 
  model: 
  total_memory: 1010712
  memory_units: kB

***sd_info***

***distribution***
  name: Debian GNU/Linux 11 (bullseye)
  id: debian
  version: 11
  version_parts: {'major': '11', 'minor': '', 'build_number': ''}
  like: 
  codename: bullseye
  release_info: {'name': '# PLEASE DO NOT EDIT THIS FILE', 'id': 'board'}

***virtualization***
  virt_type: none
  virt_identifier: none

***network***

***canbus***

***Allowed Services***
  klipper_mcu
  webcamd
  MoonCord
  KlipperScreen
  moonraker-telegram-bot
  moonraker-obico
  sonar
  crowsnest

Systemd unit moonraker.service:
unit_name: moonraker.service
is_default: True
manager: systemd
Properties:
**Requires=['network-online.target', 'sysinit.target', 'system.slice', '-.mount']
**After=['sysinit.target', 'basic.target', 'system.slice', '-.mount', 'network-online.target', 'systemd-journald.socket']
**SupplementaryGroups=['moonraker-admin']
**EnvironmentFiles=/home/biqu/printer_data/systemd/moonraker.env
**ExecStart=/home/biqu/moonraker-env/bin/python $MOONRAKER_ARGS
**WorkingDirectory=/home/biqu/moonraker
**FragmentPath=/etc/systemd/system/moonraker.service
**Description=API Server for Klipper SV1
**User=biqu

Systemd unit klipper.service:
unit_name: klipper.service
is_default: True
manager: systemd
Properties:
**Requires=['-.mount', 'system.slice', 'sysinit.target']
**After=['basic.target', '-.mount', 'network-online.target', 'systemd-journald.socket', 'system.slice', 'sysinit.target']
**SupplementaryGroups=[]
**EnvironmentFiles=/home/biqu/printer_data/systemd/klipper.env
**ExecStart=/home/biqu/klippy-env/bin/python $KLIPPER_ARGS
**WorkingDirectory=/home/biqu/klipper
**FragmentPath=/etc/systemd/system/klipper.service
**Description=Klipper 3D Printer Firmware SV1
**User=biqu
Klipper Version: v0.11.0-99-g56444815
2023-02-16 13:10:29,534 [app.py:register_remote_handler()] - Registering HTTP endpoint: (GET POST) /printer/info
2023-02-16 13:10:29,536 [websockets.py:register_api_handler()] - Registering Websocket JSON-RPC methods: printer.info
2023-02-16 13:10:29,536 [app.py:register_remote_handler()] - Registering HTTP endpoint: (GET POST) /printer/emergency_stop
2023-02-16 13:10:29,538 [websockets.py:register_api_handler()] - Registering Websocket JSON-RPC methods: printer.emergency_stop
2023-02-16 13:10:29,539 [app.py:register_remote_handler()] - Registering HTTP endpoint: (GET POST) /printer/gcode/help
2023-02-16 13:10:29,551 [websockets.py:register_api_handler()] - Registering Websocket JSON-RPC methods: printer.gcode.help
2023-02-16 13:10:29,552 [app.py:register_remote_handler()] - Registering HTTP endpoint: (GET POST) /printer/gcode/script
2023-02-16 13:10:29,554 [websockets.py:register_api_handler()] - Registering Websocket JSON-RPC methods: printer.gcode.script
2023-02-16 13:10:29,555 [app.py:register_remote_handler()] - Registering HTTP endpoint: (GET POST) /printer/gcode/restart
2023-02-16 13:10:29,565 [websockets.py:register_api_handler()] - Registering Websocket JSON-RPC methods: printer.gcode.restart
2023-02-16 13:10:29,566 [app.py:register_remote_handler()] - Registering HTTP endpoint: (GET POST) /printer/gcode/firmware_restart
2023-02-16 13:10:29,568 [websockets.py:register_api_handler()] - Registering Websocket JSON-RPC methods: printer.gcode.firmware_restart
2023-02-16 13:10:29,568 [app.py:register_remote_handler()] - Registering HTTP endpoint: (GET POST) /printer/objects/list
2023-02-16 13:10:29,570 [websockets.py:register_api_handler()] - Registering Websocket JSON-RPC methods: printer.objects.list
2023-02-16 13:10:29,571 [app.py:register_remote_handler()] - Registering HTTP endpoint: (GET POST) /printer/objects/query
2023-02-16 13:10:29,582 [websockets.py:register_api_handler()] - Registering Websocket JSON-RPC methods: printer.objects.query
2023-02-16 13:10:29,583 [app.py:register_remote_handler()] - Registering HTTP endpoint: (GET POST) /printer/objects/subscribe
2023-02-16 13:10:29,585 [websockets.py:register_api_handler()] - Registering Websocket JSON-RPC methods: printer.objects.subscribe
2023-02-16 13:10:29,585 [app.py:register_remote_handler()] - Registering HTTP endpoint: (GET POST) /printer/pause_resume/cancel
2023-02-16 13:10:29,587 [websockets.py:register_api_handler()] - Registering Websocket JSON-RPC methods: printer.pause_resume.cancel
2023-02-16 13:10:29,588 [app.py:register_remote_handler()] - Registering HTTP endpoint: (GET POST) /printer/pause_resume/pause
2023-02-16 13:10:29,604 [websockets.py:register_api_handler()] - Registering Websocket JSON-RPC methods: printer.pause_resume.pause
2023-02-16 13:10:29,605 [app.py:register_remote_handler()] - Registering HTTP endpoint: (GET POST) /printer/pause_resume/resume
2023-02-16 13:10:29,607 [websockets.py:register_api_handler()] - Registering Websocket JSON-RPC methods: printer.pause_resume.resume
2023-02-16 13:10:29,608 [app.py:register_remote_handler()] - Registering HTTP endpoint: (GET POST) /printer/motion_report/dump_stepper
2023-02-16 13:10:29,610 [websockets.py:register_api_handler()] - Registering Websocket JSON-RPC methods: printer.motion_report.dump_stepper
2023-02-16 13:10:29,619 [app.py:register_remote_handler()] - Registering HTTP endpoint: (GET POST) /printer/query_endstops/status
2023-02-16 13:10:29,621 [websockets.py:register_api_handler()] - Registering Websocket JSON-RPC methods: printer.query_endstops.status
2023-02-16 13:10:31,691 [klippy_connection.py:_request_initial_subscriptions()] - Webhooks Subscribed
2023-02-16 13:10:31,708 [klippy_connection.py:_request_initial_subscriptions()] - GCode Output Subscribed
2023-02-16 13:10:31,716 [app.py:register_remote_handler()] - Registering HTTP endpoint: (GET POST) /printer/motion_report/dump_trapq
2023-02-16 13:10:31,718 [websockets.py:register_api_handler()] - Registering Websocket JSON-RPC methods: printer.motion_report.dump_trapq
2023-02-16 13:10:31,942 [job_state.py:_handle_started()] - Job state initialized: standby
2023-02-16 13:10:32,270 [klippy_connection.py:_check_ready()] - Klippy ready
2023-02-16 13:10:32,694 [data_store.py:_init_sensors()] - Configuring available sensors: ['heater_bed', 'temperature_sensor Chamber_Temp', 'extruder']
2023-02-16 13:10:34,907 [update_manager.py:refresh()] - Detected 0 package updates:

2023-02-16 13:10:34,955 [shell_command.py:_check_proc_success()] - Command (git -C /home/biqu/moonraker status -u no) successfully finished
2023-02-16 13:10:34,986 [shell_command.py:_check_proc_success()] - Command (git -C /home/biqu/moonraker config --get branch.master.remote) successfully finished
2023-02-16 13:10:35,023 [shell_command.py:_check_proc_success()] - Command (git -C /home/biqu/moonraker remote get-url origin) successfully finished
2023-02-16 13:10:35,317 [shell_command.py:_check_proc_success()] - Command (git -C /home/biqu/moonraker fetch origin --prune --progress) exited with return code 128
2023-02-16 13:10:35,351 [shell_command.py:_check_proc_success()] - Command (find .git/objects/ -type f -empty | xargs rm) exited with return code 1
2023-02-16 13:10:35,854 [git_deploy.py:_repair_loose_objects()] - Attempt to repair loose objects failed, hard recovery is required
Traceback (most recent call last):
  File "/home/biqu/moonraker/moonraker/components/update_manager/git_deploy.py", line 990, in _repair_loose_objects
    await self.cmd_helper.run_cmd_with_response(
  File "/home/biqu/moonraker/moonraker/components/shell_command.py", line 278, in run_with_response
    raise ShellCommandError(
components.shell_command.ShellCommandError: Error running shell command: 'find .git/objects/ -type f -empty | xargs rm'
2023-02-16 13:10:35,855 [git_deploy.py:initialize()] - Git Repo moonraker: Initialization failure
Traceback (most recent call last):
  File "/home/biqu/moonraker/moonraker/components/update_manager/git_deploy.py", line 379, in initialize
    await self.fetch()
  File "/home/biqu/moonraker/moonraker/components/update_manager/git_deploy.py", line 744, in fetch
    await self._run_git_cmd_async(
  File "/home/biqu/moonraker/moonraker/components/update_manager/git_deploy.py", line 1054, in _run_git_cmd_async
    raise self.server.error(
utils.ServerError: Unable to repair loose objects, use hard recovery
2023-02-16 13:10:35,855 [git_deploy.py:refresh()] - Error Refreshing git state
Traceback (most recent call last):
  File "/home/biqu/moonraker/moonraker/components/update_manager/git_deploy.py", line 54, in refresh
    await self._update_repo_state()
  File "/home/biqu/moonraker/moonraker/components/update_manager/git_deploy.py", line 60, in _update_repo_state
    await self.repo.initialize(need_fetch=need_fetch)
  File "/home/biqu/moonraker/moonraker/components/update_manager/git_deploy.py", line 379, in initialize
    await self.fetch()
  File "/home/biqu/moonraker/moonraker/components/update_manager/git_deploy.py", line 744, in fetch
    await self._run_git_cmd_async(
  File "/home/biqu/moonraker/moonraker/components/update_manager/git_deploy.py", line 1054, in _run_git_cmd_async
    raise self.server.error(
utils.ServerError: Unable to repair loose objects, use hard recovery
2023-02-16 13:10:35,901 [shell_command.py:_check_proc_success()] - Command (git -C /home/biqu/klipper status -u no) successfully finished
2023-02-16 13:10:35,936 [shell_command.py:_check_proc_success()] - Command (git -C /home/biqu/klipper config --get branch.master.remote) successfully finished
2023-02-16 13:10:35,976 [shell_command.py:_check_proc_success()] - Command (git -C /home/biqu/klipper remote get-url origin) successfully finished
2023-02-16 13:10:36,074 [shell_command.py:_check_proc_success()] - Command (git -C /home/biqu/klipper fetch origin --prune --progress) exited with return code 128
2023-02-16 13:10:36,105 [shell_command.py:_check_proc_success()] - Command (find .git/objects/ -type f -empty | xargs rm) exited with return code 1
2023-02-16 13:10:36,608 [git_deploy.py:_repair_loose_objects()] - Attempt to repair loose objects failed, hard recovery is required
Traceback (most recent call last):
  File "/home/biqu/moonraker/moonraker/components/update_manager/git_deploy.py", line 990, in _repair_loose_objects
    await self.cmd_helper.run_cmd_with_response(
  File "/home/biqu/moonraker/moonraker/components/shell_command.py", line 278, in run_with_response
    raise ShellCommandError(
components.shell_command.ShellCommandError: Error running shell command: 'find .git/objects/ -type f -empty | xargs rm'
2023-02-16 13:10:36,609 [git_deploy.py:initialize()] - Git Repo klipper: Initialization failure
Traceback (most recent call last):
  File "/home/biqu/moonraker/moonraker/components/update_manager/git_deploy.py", line 379, in initialize
    await self.fetch()
  File "/home/biqu/moonraker/moonraker/components/update_manager/git_deploy.py", line 744, in fetch
    await self._run_git_cmd_async(
  File "/home/biqu/moonraker/moonraker/components/update_manager/git_deploy.py", line 1054, in _run_git_cmd_async
    raise self.server.error(
utils.ServerError: Unable to repair loose objects, use hard recovery
2023-02-16 13:10:36,609 [git_deploy.py:refresh()] - Error Refreshing git state
Traceback (most recent call last):
  File "/home/biqu/moonraker/moonraker/components/update_manager/git_deploy.py", line 54, in refresh
    await self._update_repo_state()
  File "/home/biqu/moonraker/moonraker/components/update_manager/git_deploy.py", line 60, in _update_repo_state
    await self.repo.initialize(need_fetch=need_fetch)
  File "/home/biqu/moonraker/moonraker/components/update_manager/git_deploy.py", line 379, in initialize
    await self.fetch()
  File "/home/biqu/moonraker/moonraker/components/update_manager/git_deploy.py", line 744, in fetch
    await self._run_git_cmd_async(
  File "/home/biqu/moonraker/moonraker/components/update_manager/git_deploy.py", line 1054, in _run_git_cmd_async
    raise self.server.error(
utils.ServerError: Unable to repair loose objects, use hard recovery
2023-02-16 13:10:37,500 [machine.py:_find_public_ip()] - Failed to detect local IP address
2023-02-16 13:10:37,503 [webcam.py:_set_default_host_ip()] - Default public webcam address set: http://127.0.0.1
2023-02-16 13:10:37,649 [update_manager.py:_get_remote_version()] - Client mainsail-crew/mainsail: Github Request Error - [Errno -2] Name or service not known
2023-02-16 13:10:43,094 [authorization.py:_check_trusted_connection()] - Trusted Connection Detected, IP: 127.0.0.1
2023-02-16 13:10:43,153 [app.py:log_request()] - 101 GET /websocket?token=ZI644H7GQJG5HT2ESLEJYDLSIMJMFM64 (127.0.0.1) [_TRUSTED_USER_] 6.41ms
2023-02-16 13:10:43,155 [websockets.py:open()] - Websocket Opened: ID: 281473000681968, Proxied: False, User Agent: , Host Name: 127.0.0.1
2023-02-16 13:10:43,222 [app.py:log_request()] - 404 GET /machine/device_power/devices (127.0.0.1) [No User] 16.09ms
2023-02-16 13:10:44,067 [file_manager.py:get_file_list()] - Updating File List <gcodes>...
2023-02-16 13:10:44,199 [app.py:log_request()] - 404 GET /machine/device_power/devices (127.0.0.1) [No User] 5.47ms
2023-02-16 13:10:45,066 [file_manager.py:get_file_list()] - Updating File List <gcodes>...
2023-02-16 13:10:47,527 [machine.py:_find_public_ip()] - Detected Local IP: 192.168.1.83
2023-02-16 13:10:47,532 [webcam.py:_set_default_host_ip()] - Default public webcam address set: http://192.168.1.83
2023-02-16 13:11:14,424 [authorization.py:_check_trusted_connection()] - Trusted Connection Detected, IP: 192.168.1.82
2023-02-16 13:11:14,427 [app.py:log_request()] - 101 GET /websocket (192.168.1.82) [_TRUSTED_USER_] 6.87ms
2023-02-16 13:11:14,428 [websockets.py:open()] - Websocket Opened: ID: 281472972300448, Proxied: True, User Agent: Mozilla/5.0 (Windows NT 10.0; Win64; x64) AppleWebKit/537.36 (KHTML, like Gecko) Chrome/109.0.0.0 Safari/537.36, Host Name: btt-cb1.local
2023-02-16 13:11:14,436 [websockets.py:_handle_identify()] - Websocket 281472972300448 Client Identified - Name: mainsail, Version: 2.4.1, Type: web
2023-02-16 13:11:22,667 [app.py:log_request()] - 101 GET /websocket (192.168.1.82) [_TRUSTED_USER_] 5.05ms
2023-02-16 13:11:22,668 [websockets.py:open()] - Websocket Opened: ID: 281472972301264, Proxied: True, User Agent: Mozilla/5.0 (Windows NT 10.0; Win64; x64) AppleWebKit/537.36 (KHTML, like Gecko) Chrome/109.0.0.0 Safari/537.36, Host Name: btt-cb1.local
2023-02-16 13:11:22,686 [websockets.py:_handle_identify()] - Websocket 281472972301264 Client Identified - Name: mainsail, Version: 2.4.1, Type: web
2023-02-16 13:11:44,512 [app.py:log_request()] - 101 GET /websocket (192.168.1.82) [_TRUSTED_USER_] 6.49ms
2023-02-16 13:11:44,513 [websockets.py:open()] - Websocket Opened: ID: 281472972383760, Proxied: True, User Agent: Mozilla/5.0 (Windows NT 10.0; Win64; x64) AppleWebKit/537.36 (KHTML, like Gecko) Chrome/109.0.0.0 Safari/537.36, Host Name: btt-cb1.local
2023-02-16 13:11:44,529 [websockets.py:_handle_identify()] - Websocket 281472972383760 Client Identified - Name: mainsail, Version: 2.4.1, Type: web
2023-02-16 14:04:54,779 [websockets.py:on_close()] - Websocket Closed: ID: 281472972301264 Close Code: 1001, Close Reason: None, Pong Time Elapsed: 2.10
2023-02-16 14:06:47,313 [websockets.py:on_close()] - Websocket Closed: ID: 281472972383760 Close Code: 1001, Close Reason: None, Pong Time Elapsed: 2.79
2023-02-16 14:15:27,449 [authorization.py:_prune_conn_handler()] - Trusted Connection Expired, IP: 127.0.0.1
2023-02-16 14:15:27,450 [authorization.py:_prune_conn_handler()] - Trusted Connection Expired, IP: 192.168.1.82
2023-02-16 15:37:46,404 [update_manager.py:refresh()] - Detected 1 package updates:
libgnutls30
2023-02-16 15:37:46,435 [shell_command.py:_check_proc_success()] - Command (git -C /home/biqu/moonraker status -u no) successfully finished
2023-02-16 15:37:46,460 [shell_command.py:_check_proc_success()] - Command (git -C /home/biqu/moonraker config --get branch.master.remote) successfully finished
2023-02-16 15:37:46,485 [shell_command.py:_check_proc_success()] - Command (git -C /home/biqu/moonraker remote get-url origin) successfully finished
2023-02-16 15:37:51,182 [shell_command.py:_check_proc_success()] - Command (git -C /home/biqu/moonraker fetch origin --prune --progress) successfully finished
2023-02-16 15:37:51,216 [shell_command.py:_check_proc_success()] - Command (git -C /home/biqu/moonraker merge-base --is-ancestor HEAD origin/master) successfully finished
2023-02-16 15:37:51,242 [shell_command.py:_check_proc_success()] - Command (git -C /home/biqu/moonraker branch --list) successfully finished
2023-02-16 15:37:51,270 [shell_command.py:_check_proc_success()] - Command (git -C /home/biqu/moonraker rev-parse HEAD) successfully finished
2023-02-16 15:37:51,451 [shell_command.py:_check_proc_success()] - Command (git -C /home/biqu/moonraker describe --always --tags --long --dirty) successfully finished
2023-02-16 15:37:51,476 [shell_command.py:_check_proc_success()] - Command (git -C /home/biqu/moonraker rev-parse origin/master) successfully finished
2023-02-16 15:37:51,559 [shell_command.py:_check_proc_success()] - Command (git -C /home/biqu/moonraker describe origin/master --always --tags --long) successfully finished
2023-02-16 15:37:51,588 [shell_command.py:_check_proc_success()] - Command (git -C /home/biqu/moonraker rev-list --tags --max-count=1) successfully finished
2023-02-16 15:37:51,617 [shell_command.py:_check_proc_success()] - Command (git -C /home/biqu/moonraker describe --tags e20c12619bfb9504ef817fcde82752d47e52f145) successfully finished
2023-02-16 15:37:51,648 [shell_command.py:_check_proc_success()] - Command (git -C /home/biqu/moonraker log 5325693ed678c22ca92989fded04b426e726e4a0..origin/master --format="sha:%H%x1Dauthor:%an%x1Ddate:%ct%x1Dsubject:%s%x1Dmessage:%b%x1E" --max-count=100) successfully finished
2023-02-16 15:37:51,683 [shell_command.py:_check_proc_success()] - Command (git -C /home/biqu/moonraker for-each-ref --count=10 --sort='-creatordate' --format='%(if)%(*objecttype)%(then)%(*objecttype) (*objectname)%(else)%(objecttype) %(objectname)%(end) %(refname)' 'refs/tags') successfully finished
2023-02-16 15:37:51,685 [git_deploy.py:log_repo_info()] - Git Repo moonraker Detected:
Owner: Arksine
Repository Name: moonraker
Path: /home/biqu/moonraker
Remote: origin
Branch: master
Remote URL: https://github.com/Arksine/moonraker.git
Current Commit SHA: 5325693ed678c22ca92989fded04b426e726e4a0
Upstream Commit SHA: 87dba2f2e2c78267b2ce9d4a4f54d4aa0bc7ed8a
Current Version: v0.7.1-867
Upstream Version: v0.7.1-876
Is Dirty: False
Is Detached: False
Commits Behind: 9
Tag Data: {}
Bound Repo: None
Diverged: False
2023-02-16 15:37:51,686 [base_deploy.py:log_info()] - Application moonraker: Channel: dev, Need Channel Update: False
2023-02-16 15:37:51,686 [base_deploy.py:log_info()] - Application moonraker: Validity check for git repo passed
2023-02-16 15:37:51,726 [shell_command.py:_check_proc_success()] - Command (git -C /home/biqu/klipper status -u no) successfully finished
2023-02-16 15:37:51,752 [shell_command.py:_check_proc_success()] - Command (git -C /home/biqu/klipper config --get branch.master.remote) successfully finished
2023-02-16 15:37:51,778 [shell_command.py:_check_proc_success()] - Command (git -C /home/biqu/klipper remote get-url origin) successfully finished
2023-02-16 15:37:54,243 [shell_command.py:_check_proc_success()] - Command (git -C /home/biqu/klipper fetch origin --prune --progress) successfully finished
2023-02-16 15:37:54,271 [shell_command.py:_check_proc_success()] - Command (git -C /home/biqu/klipper merge-base --is-ancestor HEAD origin/master) successfully finished
2023-02-16 15:37:54,297 [shell_command.py:_check_proc_success()] - Command (git -C /home/biqu/klipper branch --list) successfully finished
2023-02-16 15:37:54,322 [shell_command.py:_check_proc_success()] - Command (git -C /home/biqu/klipper rev-parse HEAD) successfully finished
2023-02-16 15:38:03,827 [shell_command.py:_check_proc_success()] - Command (git -C /home/biqu/klipper describe --always --tags --long --dirty) successfully finished
2023-02-16 15:38:03,854 [shell_command.py:_check_proc_success()] - Command (git -C /home/biqu/klipper rev-parse origin/master) successfully finished
2023-02-16 15:38:04,075 [shell_command.py:_check_proc_success()] - Command (git -C /home/biqu/klipper describe origin/master --always --tags --long) successfully finished
2023-02-16 15:38:04,102 [shell_command.py:_check_proc_success()] - Command (git -C /home/biqu/klipper rev-list --tags --max-count=1) successfully finished
2023-02-16 15:38:04,130 [shell_command.py:_check_proc_success()] - Command (git -C /home/biqu/klipper describe --tags e02b725602067a2cd098a62be9a4bb10fc74a9bd) successfully finished
2023-02-16 15:38:04,160 [shell_command.py:_check_proc_success()] - Command (git -C /home/biqu/klipper log 5644481590a16ac5b3d8c20874f0477d5d51a963..origin/master --format="sha:%H%x1Dauthor:%an%x1Ddate:%ct%x1Dsubject:%s%x1Dmessage:%b%x1E" --max-count=100) successfully finished
2023-02-16 15:38:04,190 [shell_command.py:_check_proc_success()] - Command (git -C /home/biqu/klipper for-each-ref --count=10 --sort='-creatordate' --format='%(if)%(*objecttype)%(then)%(*objecttype) (*objectname)%(else)%(objecttype) %(objectname)%(end) %(refname)' 'refs/tags') successfully finished
2023-02-16 15:38:04,191 [git_deploy.py:log_repo_info()] - Git Repo klipper Detected:
Owner: Klipper3d
Repository Name: klipper
Path: /home/biqu/klipper
Remote: origin
Branch: master
Remote URL: https://github.com/Klipper3d/klipper.git
Current Commit SHA: 5644481590a16ac5b3d8c20874f0477d5d51a963
Upstream Commit SHA: aca0c71a2b2eb1679923ca2491aadad38cc43081
Current Version: v0.11.0-99
Upstream Version: v0.11.0-110
Is Dirty: False
Is Detached: False
Commits Behind: 11
Tag Data: {}
Bound Repo: None
Diverged: False
2023-02-16 15:38:04,192 [base_deploy.py:log_info()] - Application klipper: Channel: dev, Need Channel Update: False
2023-02-16 15:38:04,192 [base_deploy.py:log_info()] - Application klipper: Validity check for git repo passed
2023-02-16 15:38:04,510 [update_manager.py:_get_remote_version()] - Github client Info Received:
Repo: mainsail
Local Version: v2.4.1
Remote Version: v2.4.1
Pre-release: False
url: https://github.com/mainsail-crew/mainsail/releases/download/v2.4.1/mainsail.zip
size: 2267577
Content Type: application/zip
